[0.075s] DEBUG:colcon:Command line arguments: ['/usr/bin/colcon', 'build', '--symlink-install', '--packages-select', 'nrc_web_teleop']
[0.075s] DEBUG:colcon:Parsed command line arguments: Namespace(log_base=None, log_level=None, verb_name='build', build_base='build', install_base='install', merge_install=False, symlink_install=True, test_result_base=None, continue_on_error=False, executor='parallel', parallel_workers=16, event_handlers=None, ignore_user_meta=False, metas=['./colcon.meta'], base_paths=['.'], packages_ignore=None, packages_ignore_regex=None, paths=None, packages_up_to=None, packages_up_to_regex=None, packages_above=None, packages_above_and_dependencies=None, packages_above_depth=None, packages_select_by_dep=None, packages_skip_by_dep=None, packages_skip_up_to=None, packages_select_build_failed=False, packages_skip_build_finished=False, packages_select_test_failures=False, packages_skip_test_passed=False, packages_select=['nrc_web_teleop'], packages_skip=None, packages_select_regex=None, packages_skip_regex=None, packages_start=None, packages_end=None, cmake_args=None, cmake_target=None, cmake_target_skip_unavailable=False, cmake_clean_cache=False, cmake_clean_first=False, cmake_force_configure=False, ament_cmake_args=None, catkin_cmake_args=None, catkin_skip_building_tests=False, mixin_files=None, mixin=None, verb_parser=<colcon_mixin.mixin.mixin_argument.MixinArgumentDecorator object at 0x7ae0b337ac80>, verb_extension=<colcon_core.verb.build.BuildVerb object at 0x7ae0b34b81f0>, main=<bound method BuildVerb.main of <colcon_core.verb.build.BuildVerb object at 0x7ae0b34b81f0>>, mixin_verb=('build',))
[0.188s] Level 1:colcon.colcon_core.package_discovery:discover_packages(colcon_meta) check parameters
[0.188s] INFO:colcon.colcon_metadata.package_discovery.colcon_meta:Using configuration from '/root/.colcon/metadata/default/Gazebo.meta'
[0.188s] INFO:colcon.colcon_metadata.package_discovery.colcon_meta:Using configuration from '/root/.colcon/metadata/default/fastdds.meta'
[0.188s] INFO:colcon.colcon_metadata.package_discovery.colcon_meta:Using configuration from '/root/.colcon/metadata/default/fastrtps.meta'
[0.188s] Level 1:colcon.colcon_core.package_discovery:discover_packages(recursive) check parameters
[0.188s] Level 1:colcon.colcon_core.package_discovery:discover_packages(ignore) check parameters
[0.188s] Level 1:colcon.colcon_core.package_discovery:discover_packages(path) check parameters
[0.188s] Level 1:colcon.colcon_core.package_discovery:discover_packages(colcon_meta) discover
[0.188s] Level 1:colcon.colcon_core.package_discovery:discover_packages(recursive) discover
[0.188s] INFO:colcon.colcon_core.package_discovery:Crawling recursively for packages in '/root/ament_ws/src/nrc_web_teleop'
[0.189s] Level 1:colcon.colcon_core.package_identification:_identify(.) by extensions ['ignore', 'ignore_ament_install']
[0.189s] Level 1:colcon.colcon_core.package_identification:_identify(.) by extension 'ignore'
[0.189s] Level 1:colcon.colcon_core.package_identification:_identify(.) by extension 'ignore_ament_install'
[0.189s] Level 1:colcon.colcon_core.package_identification:_identify(.) by extensions ['colcon_pkg']
[0.189s] Level 1:colcon.colcon_core.package_identification:_identify(.) by extension 'colcon_pkg'
[0.189s] Level 1:colcon.colcon_core.package_identification:_identify(.) by extensions ['colcon_meta']
[0.189s] Level 1:colcon.colcon_core.package_identification:_identify(.) by extension 'colcon_meta'
[0.189s] Level 1:colcon.colcon_core.package_identification:_identify(.) by extensions ['ros']
[0.189s] Level 1:colcon.colcon_core.package_identification:_identify(.) by extension 'ros'
[0.195s] DEBUG:colcon.colcon_core.package_identification:Package '.' with type 'ros.ament_cmake' and name 'nrc_web_teleop'
[0.195s] Level 1:colcon.colcon_core.package_discovery:discover_packages(recursive) using defaults
[0.195s] Level 1:colcon.colcon_core.package_discovery:discover_packages(ignore) discover
[0.195s] Level 1:colcon.colcon_core.package_discovery:discover_packages(ignore) using defaults
[0.195s] Level 1:colcon.colcon_core.package_discovery:discover_packages(path) discover
[0.195s] Level 1:colcon.colcon_core.package_discovery:discover_packages(path) using defaults
[0.206s] Level 5:colcon.colcon_core.verb:set package 'nrc_web_teleop' build argument 'cmake_args' from command line to 'None'
[0.206s] Level 5:colcon.colcon_core.verb:set package 'nrc_web_teleop' build argument 'cmake_target' from command line to 'None'
[0.206s] Level 5:colcon.colcon_core.verb:set package 'nrc_web_teleop' build argument 'cmake_target_skip_unavailable' from command line to 'False'
[0.206s] Level 5:colcon.colcon_core.verb:set package 'nrc_web_teleop' build argument 'cmake_clean_cache' from command line to 'False'
[0.206s] Level 5:colcon.colcon_core.verb:set package 'nrc_web_teleop' build argument 'cmake_clean_first' from command line to 'False'
[0.206s] Level 5:colcon.colcon_core.verb:set package 'nrc_web_teleop' build argument 'cmake_force_configure' from command line to 'False'
[0.206s] Level 5:colcon.colcon_core.verb:set package 'nrc_web_teleop' build argument 'ament_cmake_args' from command line to 'None'
[0.206s] Level 5:colcon.colcon_core.verb:set package 'nrc_web_teleop' build argument 'catkin_cmake_args' from command line to 'None'
[0.206s] Level 5:colcon.colcon_core.verb:set package 'nrc_web_teleop' build argument 'catkin_skip_building_tests' from command line to 'False'
[0.206s] DEBUG:colcon.colcon_core.verb:Building package 'nrc_web_teleop' with the following arguments: {'ament_cmake_args': None, 'build_base': '/root/ament_ws/src/nrc_web_teleop/build/nrc_web_teleop', 'catkin_cmake_args': None, 'catkin_skip_building_tests': False, 'cmake_args': None, 'cmake_clean_cache': False, 'cmake_clean_first': False, 'cmake_force_configure': False, 'cmake_target': None, 'cmake_target_skip_unavailable': False, 'install_base': '/root/ament_ws/src/nrc_web_teleop/install/nrc_web_teleop', 'merge_install': False, 'path': '/root/ament_ws/src/nrc_web_teleop', 'symlink_install': True, 'test_result_base': None}
[0.206s] INFO:colcon.colcon_core.executor:Executing jobs using 'parallel' executor
[0.206s] DEBUG:colcon.colcon_parallel_executor.executor.parallel:run_until_complete
[0.207s] INFO:colcon.colcon_ros.task.ament_cmake.build:Building ROS package in '/root/ament_ws/src/nrc_web_teleop' with build type 'ament_cmake'
[0.207s] INFO:colcon.colcon_cmake.task.cmake.build:Building CMake package in '/root/ament_ws/src/nrc_web_teleop'
[0.208s] INFO:colcon.colcon_core.plugin_system:Skipping extension 'colcon_core.shell.bat': Not used on non-Windows systems
[0.208s] INFO:colcon.colcon_core.shell:Skip shell extension 'powershell' for command environment: Not usable outside of PowerShell
[0.208s] DEBUG:colcon.colcon_core.shell:Skip shell extension 'dsv' for command environment
[0.213s] DEBUG:colcon.colcon_core.event_handler.log_command:Invoking command in '/root/ament_ws/src/nrc_web_teleop/build/nrc_web_teleop': CMAKE_PREFIX_PATH=${CMAKE_PREFIX_PATH}:/root/ament_ws/install/tf2_web_republisher_py:/root/ament_ws/install/stretch_simulation:/root/ament_ws/install/stretch_ros_tutorials:/root/ament_ws/install/stretch_funmap:/root/ament_ws/install/stretch_calibration:/root/ament_ws/install/stretch_demos:/root/ament_ws/install/stretch_deep_perception:/root/ament_ws/install/stretch_core:/root/ament_ws/install/respeaker_ros2:/root/ament_ws/install/hello_helpers:/opt/ros/humble /usr/bin/cmake /root/ament_ws/src/nrc_web_teleop -DAMENT_CMAKE_SYMLINK_INSTALL=1 -DCMAKE_INSTALL_PREFIX=/root/ament_ws/src/nrc_web_teleop/install/nrc_web_teleop
[1.592s] DEBUG:colcon.colcon_core.event_handler.log_command:Invoked command in '/root/ament_ws/src/nrc_web_teleop/build/nrc_web_teleop' returned '0': CMAKE_PREFIX_PATH=${CMAKE_PREFIX_PATH}:/root/ament_ws/install/tf2_web_republisher_py:/root/ament_ws/install/stretch_simulation:/root/ament_ws/install/stretch_ros_tutorials:/root/ament_ws/install/stretch_funmap:/root/ament_ws/install/stretch_calibration:/root/ament_ws/install/stretch_demos:/root/ament_ws/install/stretch_deep_perception:/root/ament_ws/install/stretch_core:/root/ament_ws/install/respeaker_ros2:/root/ament_ws/install/hello_helpers:/opt/ros/humble /usr/bin/cmake /root/ament_ws/src/nrc_web_teleop -DAMENT_CMAKE_SYMLINK_INSTALL=1 -DCMAKE_INSTALL_PREFIX=/root/ament_ws/src/nrc_web_teleop/install/nrc_web_teleop
[1.593s] DEBUG:colcon.colcon_core.event_handler.log_command:Invoking command in '/root/ament_ws/src/nrc_web_teleop/build/nrc_web_teleop': CMAKE_PREFIX_PATH=${CMAKE_PREFIX_PATH}:/root/ament_ws/install/tf2_web_republisher_py:/root/ament_ws/install/stretch_simulation:/root/ament_ws/install/stretch_ros_tutorials:/root/ament_ws/install/stretch_funmap:/root/ament_ws/install/stretch_calibration:/root/ament_ws/install/stretch_demos:/root/ament_ws/install/stretch_deep_perception:/root/ament_ws/install/stretch_core:/root/ament_ws/install/respeaker_ros2:/root/ament_ws/install/hello_helpers:/opt/ros/humble /usr/bin/cmake --build /root/ament_ws/src/nrc_web_teleop/build/nrc_web_teleop -- -j16 -l16
[1.952s] DEBUG:colcon.colcon_parallel_executor.executor.parallel:run_until_complete was interrupted
[1.952s] DEBUG:colcon.colcon_parallel_executor.executor.parallel:run_until_complete again
[1.972s] DEBUG:colcon.colcon_core.event_handler.log_command:Invoked command in '/root/ament_ws/src/nrc_web_teleop/build/nrc_web_teleop' returned '-2': CMAKE_PREFIX_PATH=${CMAKE_PREFIX_PATH}:/root/ament_ws/install/tf2_web_republisher_py:/root/ament_ws/install/stretch_simulation:/root/ament_ws/install/stretch_ros_tutorials:/root/ament_ws/install/stretch_funmap:/root/ament_ws/install/stretch_calibration:/root/ament_ws/install/stretch_demos:/root/ament_ws/install/stretch_deep_perception:/root/ament_ws/install/stretch_core:/root/ament_ws/install/respeaker_ros2:/root/ament_ws/install/hello_helpers:/opt/ros/humble /usr/bin/cmake --build /root/ament_ws/src/nrc_web_teleop/build/nrc_web_teleop -- -j16 -l16
[1.972s] Level 1:colcon.colcon_core.environment:create_environment_scripts_only(nrc_web_teleop)
[1.973s] Level 1:colcon.colcon_core.environment:checking '/root/ament_ws/src/nrc_web_teleop/install/nrc_web_teleop' for CMake module files
[1.973s] Level 1:colcon.colcon_core.environment:checking '/root/ament_ws/src/nrc_web_teleop/install/nrc_web_teleop' for CMake config files
[1.974s] Level 1:colcon.colcon_core.environment:checking '/root/ament_ws/src/nrc_web_teleop/install/nrc_web_teleop/bin'
[1.974s] Level 1:colcon.colcon_core.environment:checking '/root/ament_ws/src/nrc_web_teleop/install/nrc_web_teleop/lib/pkgconfig/nrc_web_teleop.pc'
[1.974s] Level 1:colcon.colcon_core.environment:checking '/root/ament_ws/src/nrc_web_teleop/install/nrc_web_teleop/lib/python3.10/site-packages'
[1.974s] Level 1:colcon.colcon_core.environment:checking '/root/ament_ws/src/nrc_web_teleop/install/nrc_web_teleop/bin'
[1.974s] INFO:colcon.colcon_core.shell:Creating package script '/root/ament_ws/src/nrc_web_teleop/install/nrc_web_teleop/share/nrc_web_teleop/package.ps1'
[1.975s] INFO:colcon.colcon_core.shell:Creating package descriptor '/root/ament_ws/src/nrc_web_teleop/install/nrc_web_teleop/share/nrc_web_teleop/package.dsv'
[1.975s] INFO:colcon.colcon_core.shell:Creating package script '/root/ament_ws/src/nrc_web_teleop/install/nrc_web_teleop/share/nrc_web_teleop/package.sh'
[1.975s] INFO:colcon.colcon_core.shell:Creating package script '/root/ament_ws/src/nrc_web_teleop/install/nrc_web_teleop/share/nrc_web_teleop/package.bash'
[1.976s] INFO:colcon.colcon_core.shell:Creating package script '/root/ament_ws/src/nrc_web_teleop/install/nrc_web_teleop/share/nrc_web_teleop/package.zsh'
[1.976s] Level 1:colcon.colcon_core.environment:create_file_with_runtime_dependencies(/root/ament_ws/src/nrc_web_teleop/install/nrc_web_teleop/share/colcon-core/packages/nrc_web_teleop)
[1.986s] DEBUG:colcon.colcon_parallel_executor.executor.parallel:run_until_complete finished
[1.986s] DEBUG:colcon.colcon_parallel_executor.executor.parallel:closing loop
[1.986s] DEBUG:colcon.colcon_parallel_executor.executor.parallel:loop closed
[1.986s] DEBUG:colcon.colcon_core.event_reactor:joining thread
[1.989s] INFO:colcon.colcon_core.plugin_system:Skipping extension 'colcon_notification.desktop_notification.notify_send': Could not find 'notify-send'
[1.989s] INFO:colcon.colcon_core.plugin_system:Skipping extension 'colcon_notification.desktop_notification.terminal_notifier': Not used on non-Darwin systems
[1.989s] INFO:colcon.colcon_core.plugin_system:Skipping extension 'colcon_notification.desktop_notification.win32': Not used on non-Windows systems
[1.989s] INFO:colcon.colcon_notification.desktop_notification:Sending desktop notification using 'notify2'
[1.991s] DEBUG:colcon.colcon_notification.desktop_notification.notify2:Failed to initialize notify2: org.freedesktop.DBus.Error.Spawn.ExecFailed: /usr/bin/dbus-launch terminated abnormally without any error message
[1.991s] DEBUG:colcon.colcon_core.event_reactor:joined thread
[1.991s] INFO:colcon.colcon_core.shell:Creating prefix script '/root/ament_ws/src/nrc_web_teleop/install/local_setup.ps1'
[1.992s] INFO:colcon.colcon_core.shell:Creating prefix util module '/root/ament_ws/src/nrc_web_teleop/install/_local_setup_util_ps1.py'
[1.992s] INFO:colcon.colcon_core.shell:Creating prefix chain script '/root/ament_ws/src/nrc_web_teleop/install/setup.ps1'
[1.994s] INFO:colcon.colcon_core.shell:Creating prefix script '/root/ament_ws/src/nrc_web_teleop/install/local_setup.sh'
[1.994s] INFO:colcon.colcon_core.shell:Creating prefix util module '/root/ament_ws/src/nrc_web_teleop/install/_local_setup_util_sh.py'
[1.994s] INFO:colcon.colcon_core.shell:Creating prefix chain script '/root/ament_ws/src/nrc_web_teleop/install/setup.sh'
[1.995s] INFO:colcon.colcon_core.shell:Creating prefix script '/root/ament_ws/src/nrc_web_teleop/install/local_setup.bash'
[1.995s] INFO:colcon.colcon_core.shell:Creating prefix chain script '/root/ament_ws/src/nrc_web_teleop/install/setup.bash'
[1.996s] INFO:colcon.colcon_core.shell:Creating prefix script '/root/ament_ws/src/nrc_web_teleop/install/local_setup.zsh'
[1.997s] INFO:colcon.colcon_core.shell:Creating prefix chain script '/root/ament_ws/src/nrc_web_teleop/install/setup.zsh'
