[0.006s] Invoking command in '/home/nrc/stretch/nrc_web_teleop/build/nrc_web_teleop': CONDA_PROMPT_MODIFIER=(base) DEBUGINFOD_URLS=https://debuginfod.ubuntu.com /usr/bin/cmake /home/nrc/stretch/nrc_web_teleop -DAMENT_CMAKE_SYMLINK_INSTALL=1 -DCMAKE_INSTALL_PREFIX=/home/nrc/stretch/nrc_web_teleop/install/nrc_web_teleop
[0.077s] -- The C compiler identification is GNU 13.3.0
[0.156s] -- The CXX compiler identification is GNU 13.3.0
[0.168s] -- Detecting C compiler ABI info
[0.223s] -- Detecting C compiler ABI info - done
[0.228s] -- Check for working C compiler: /usr/bin/cc - skipped
[0.228s] -- Detecting C compile features
[0.229s] -- Detecting C compile features - done
[0.235s] -- Detecting CXX compiler ABI info
[0.286s] -- Detecting CXX compiler ABI info - done
[0.293s] -- Check for working CXX compiler: /usr/bin/c++ - skipped
[0.293s] -- Detecting CXX compile features
[0.293s] -- Detecting CXX compile features - done
[0.301s] [31mCMake Error at CMakeLists.txt:11 (find_package):
[0.301s]   By not providing "Findament_cmake.cmake" in CMAKE_MODULE_PATH this project
[0.301s]   has asked CMake to find a package configuration file provided by
[0.301s]   "ament_cmake", but CMake did not find one.
[0.301s] 
[0.301s]   Could not find a package configuration file provided by "ament_cmake" with
[0.301s]   any of the following names:
[0.301s] 
[0.301s]     ament_cmakeConfig.cmake
[0.301s]     ament_cmake-config.cmake
[0.301s] 
[0.301s]   Add the installation prefix of "ament_cmake" to CMAKE_PREFIX_PATH or set
[0.301s]   "ament_cmake_DIR" to a directory containing one of the above files.  If
[0.301s]   "ament_cmake" provides a separate development package or SDK, be sure it
[0.301s]   has been installed.
[0.301s] 
[0.301s] [0m
[0.301s] -- Configuring incomplete, errors occurred!
[0.306s] Invoked command in '/home/nrc/stretch/nrc_web_teleop/build/nrc_web_teleop' returned '1': CONDA_PROMPT_MODIFIER=(base) DEBUGINFOD_URLS=https://debuginfod.ubuntu.com /usr/bin/cmake /home/nrc/stretch/nrc_web_teleop -DAMENT_CMAKE_SYMLINK_INSTALL=1 -DCMAKE_INSTALL_PREFIX=/home/nrc/stretch/nrc_web_teleop/install/nrc_web_teleop
